2023-03-07 08:51:03.921681: I tensorflow/core/platform/cpu_feature_guard.cc:193] This TensorFlow binary is optimized with oneAPI Deep Neural Network Library (oneDNN) to use the following CPU instructions in performance-critical operations:  AVX2 AVX512F AVX512_VNNI FMA
To enable them in other operations, rebuild TensorFlow with the appropriate compiler flags.
2023-03-07 08:51:04.092453: I tensorflow/core/util/port.cc:104] oneDNN custom operations are on. You may see slightly different numerical results due to floating-point round-off errors from different computation orders. To turn them off, set the environment variable `TF_ENABLE_ONEDNN_OPTS=0`.
2023-03-07 08:51:04.728564: W tensorflow/compiler/xla/stream_executor/platform/default/dso_loader.cc:64] Could not load dynamic library 'libnvinfer.so.7'; dlerror: libnvinfer.so.7: cannot open shared object file: No such file or directory; LD_LIBRARY_PATH: /home/leonkl/anaconda3/envs/LAB/lib/python3.9/site-packages/cv2/../../lib64:
2023-03-07 08:51:04.728659: W tensorflow/compiler/xla/stream_executor/platform/default/dso_loader.cc:64] Could not load dynamic library 'libnvinfer_plugin.so.7'; dlerror: libnvinfer_plugin.so.7: cannot open shared object file: No such file or directory; LD_LIBRARY_PATH: /home/leonkl/anaconda3/envs/LAB/lib/python3.9/site-packages/cv2/../../lib64:
2023-03-07 08:51:04.728668: W tensorflow/compiler/tf2tensorrt/utils/py_utils.cc:38] TF-TRT Warning: Cannot dlopen some TensorRT libraries. If you would like to use Nvidia GPU with TensorRT, please make sure the missing libraries mentioned above are installed properly.
2023-03-07 08:51:10.414177: W tensorflow/compiler/xla/stream_executor/platform/default/dso_loader.cc:64] Could not load dynamic library 'libcuda.so.1'; dlerror: libcuda.so.1: cannot open shared object file: No such file or directory; LD_LIBRARY_PATH: /home/leonkl/anaconda3/envs/LAB/lib/python3.9/site-packages/cv2/../../lib64:
2023-03-07 08:51:10.414219: W tensorflow/compiler/xla/stream_executor/cuda/cuda_driver.cc:265] failed call to cuInit: UNKNOWN ERROR (303)
2023-03-07 08:51:10.414241: I tensorflow/compiler/xla/stream_executor/cuda/cuda_diagnostics.cc:156] kernel driver does not appear to be running on this host (icme-gpu1): /proc/driver/nvidia/version does not exist
2023-03-07 08:51:10.414497: I tensorflow/core/platform/cpu_feature_guard.cc:193] This TensorFlow binary is optimized with oneAPI Deep Neural Network Library (oneDNN) to use the following CPU instructions in performance-critical operations:  AVX2 AVX512F AVX512_VNNI FMA
To enable them in other operations, rebuild TensorFlow with the appropriate compiler flags.
Model: "double_autoencoder"
_________________________________________________________________
 Layer (type)                Output Shape              Param #   
=================================================================
 sequential (Sequential)     (None, 48)                32850     
                                                                 
 sequential_1 (Sequential)   (None, 64, 64, 3)         32805     
                                                                 
 sequential_2 (Sequential)   (None, 16)                4976      
                                                                 
 sequential_3 (Sequential)   (None, 30)                4990      
                                                                 
=================================================================
Total params: 75,621
Trainable params: 74,853
Non-trainable params: 768
_________________________________________________________________
Epoch 1/25
WARNING:absl:Found untraced functions such as _update_step_xla, _jit_compiled_convolution_op, _jit_compiled_convolution_op, _jit_compiled_convolution_op, _jit_compiled_convolution_op while saving (showing 5 of 13). These functions will not be directly callable after loading.
3029/3029 - 316s - loss: 0.1199 - output_1_loss: 0.0194 - output_2_loss: 0.0258 - output_1_mean_squared_error: 0.0194 - output_2_mean_squared_error: 0.0258 - val_loss: 0.0277 - val_output_1_loss: 0.0130 - val_output_2_loss: 0.0086 - val_output_1_mean_squared_error: 0.0130 - val_output_2_mean_squared_error: 0.0086 - lr: 0.0010 - 316s/epoch - 104ms/step
Epoch 2/25
WARNING:absl:Found untraced functions such as _update_step_xla, _jit_compiled_convolution_op, _jit_compiled_convolution_op, _jit_compiled_convolution_op, _jit_compiled_convolution_op while saving (showing 5 of 13). These functions will not be directly callable after loading.
3029/3029 - 315s - loss: 0.0199 - output_1_loss: 0.0115 - output_2_loss: 0.0060 - output_1_mean_squared_error: 0.0115 - output_2_mean_squared_error: 0.0060 - val_loss: 0.0241 - val_output_1_loss: 0.0149 - val_output_2_loss: 0.0077 - val_output_1_mean_squared_error: 0.0149 - val_output_2_mean_squared_error: 0.0077 - lr: 0.0010 - 315s/epoch - 104ms/step
Epoch 3/25
WARNING:absl:Found untraced functions such as _update_step_xla, _jit_compiled_convolution_op, _jit_compiled_convolution_op, _jit_compiled_convolution_op, _jit_compiled_convolution_op while saving (showing 5 of 13). These functions will not be directly callable after loading.
3029/3029 - 315s - loss: 0.0160 - output_1_loss: 0.0105 - output_2_loss: 0.0049 - output_1_mean_squared_error: 0.0105 - output_2_mean_squared_error: 0.0049 - val_loss: 0.0193 - val_output_1_loss: 0.0110 - val_output_2_loss: 0.0079 - val_output_1_mean_squared_error: 0.0110 - val_output_2_mean_squared_error: 0.0079 - lr: 0.0010 - 315s/epoch - 104ms/step
Epoch 4/25
WARNING:absl:Found untraced functions such as _update_step_xla, _jit_compiled_convolution_op, _jit_compiled_convolution_op, _jit_compiled_convolution_op, _jit_compiled_convolution_op while saving (showing 5 of 13). These functions will not be directly callable after loading.
3029/3029 - 316s - loss: 0.0149 - output_1_loss: 0.0099 - output_2_loss: 0.0046 - output_1_mean_squared_error: 0.0099 - output_2_mean_squared_error: 0.0046 - val_loss: 0.0188 - val_output_1_loss: 0.0104 - val_output_2_loss: 0.0081 - val_output_1_mean_squared_error: 0.0104 - val_output_2_mean_squared_error: 0.0081 - lr: 0.0010 - 316s/epoch - 104ms/step
Epoch 5/25
WARNING:absl:Found untraced functions such as _update_step_xla, _jit_compiled_convolution_op, _jit_compiled_convolution_op, _jit_compiled_convolution_op, _jit_compiled_convolution_op while saving (showing 5 of 13). These functions will not be directly callable after loading.
3029/3029 - 315s - loss: 0.0145 - output_1_loss: 0.0096 - output_2_loss: 0.0046 - output_1_mean_squared_error: 0.0096 - output_2_mean_squared_error: 0.0046 - val_loss: 0.0184 - val_output_1_loss: 0.0101 - val_output_2_loss: 0.0082 - val_output_1_mean_squared_error: 0.0101 - val_output_2_mean_squared_error: 0.0082 - lr: 0.0010 - 315s/epoch - 104ms/step
Epoch 6/25
WARNING:absl:Found untraced functions such as _update_step_xla, _jit_compiled_convolution_op, _jit_compiled_convolution_op, _jit_compiled_convolution_op, _jit_compiled_convolution_op while saving (showing 5 of 13). These functions will not be directly callable after loading.
3029/3029 - 316s - loss: 0.0142 - output_1_loss: 0.0093 - output_2_loss: 0.0045 - output_1_mean_squared_error: 0.0093 - output_2_mean_squared_error: 0.0045 - val_loss: 0.0183 - val_output_1_loss: 0.0099 - val_output_2_loss: 0.0083 - val_output_1_mean_squared_error: 0.0099 - val_output_2_mean_squared_error: 0.0083 - lr: 0.0010 - 316s/epoch - 104ms/step
Epoch 7/25
WARNING:absl:Found untraced functions such as _update_step_xla, _jit_compiled_convolution_op, _jit_compiled_convolution_op, _jit_compiled_convolution_op, _jit_compiled_convolution_op while saving (showing 5 of 13). These functions will not be directly callable after loading.
3029/3029 - 315s - loss: 0.0140 - output_1_loss: 0.0092 - output_2_loss: 0.0045 - output_1_mean_squared_error: 0.0092 - output_2_mean_squared_error: 0.0045 - val_loss: 0.0180 - val_output_1_loss: 0.0096 - val_output_2_loss: 0.0083 - val_output_1_mean_squared_error: 0.0096 - val_output_2_mean_squared_error: 0.0083 - lr: 0.0010 - 315s/epoch - 104ms/step
Epoch 8/25
3029/3029 - 310s - loss: 0.0138 - output_1_loss: 0.0090 - output_2_loss: 0.0045 - output_1_mean_squared_error: 0.0090 - output_2_mean_squared_error: 0.0045 - val_loss: 0.0181 - val_output_1_loss: 0.0096 - val_output_2_loss: 0.0083 - val_output_1_mean_squared_error: 0.0096 - val_output_2_mean_squared_error: 0.0083 - lr: 0.0010 - 310s/epoch - 102ms/step
Epoch 9/25
3029/3029 - 310s - loss: 0.0137 - output_1_loss: 0.0089 - output_2_loss: 0.0045 - output_1_mean_squared_error: 0.0089 - output_2_mean_squared_error: 0.0045 - val_loss: 0.0181 - val_output_1_loss: 0.0096 - val_output_2_loss: 0.0083 - val_output_1_mean_squared_error: 0.0096 - val_output_2_mean_squared_error: 0.0083 - lr: 0.0010 - 310s/epoch - 102ms/step
Epoch 10/25
WARNING:absl:Found untraced functions such as _update_step_xla, _jit_compiled_convolution_op, _jit_compiled_convolution_op, _jit_compiled_convolution_op, _jit_compiled_convolution_op while saving (showing 5 of 13). These functions will not be directly callable after loading.
3029/3029 - 316s - loss: 0.0136 - output_1_loss: 0.0088 - output_2_loss: 0.0045 - output_1_mean_squared_error: 0.0088 - output_2_mean_squared_error: 0.0045 - val_loss: 0.0179 - val_output_1_loss: 0.0095 - val_output_2_loss: 0.0084 - val_output_1_mean_squared_error: 0.0095 - val_output_2_mean_squared_error: 0.0084 - lr: 0.0010 - 316s/epoch - 104ms/step
Epoch 11/25
WARNING:absl:Found untraced functions such as _update_step_xla, _jit_compiled_convolution_op, _jit_compiled_convolution_op, _jit_compiled_convolution_op, _jit_compiled_convolution_op while saving (showing 5 of 13). These functions will not be directly callable after loading.
3029/3029 - 314s - loss: 0.0137 - output_1_loss: 0.0089 - output_2_loss: 0.0045 - output_1_mean_squared_error: 0.0089 - output_2_mean_squared_error: 0.0045 - val_loss: 0.0178 - val_output_1_loss: 0.0093 - val_output_2_loss: 0.0084 - val_output_1_mean_squared_error: 0.0093 - val_output_2_mean_squared_error: 0.0084 - lr: 0.0010 - 314s/epoch - 104ms/step
Epoch 12/25
WARNING:absl:Found untraced functions such as _update_step_xla, _jit_compiled_convolution_op, _jit_compiled_convolution_op, _jit_compiled_convolution_op, _jit_compiled_convolution_op while saving (showing 5 of 13). These functions will not be directly callable after loading.
3029/3029 - 308s - loss: 0.0135 - output_1_loss: 0.0087 - output_2_loss: 0.0045 - output_1_mean_squared_error: 0.0087 - output_2_mean_squared_error: 0.0045 - val_loss: 0.0177 - val_output_1_loss: 0.0093 - val_output_2_loss: 0.0083 - val_output_1_mean_squared_error: 0.0093 - val_output_2_mean_squared_error: 0.0083 - lr: 0.0010 - 308s/epoch - 102ms/step
Epoch 13/25
WARNING:absl:Found untraced functions such as _update_step_xla, _jit_compiled_convolution_op, _jit_compiled_convolution_op, _jit_compiled_convolution_op, _jit_compiled_convolution_op while saving (showing 5 of 13). These functions will not be directly callable after loading.
3029/3029 - 312s - loss: 0.0134 - output_1_loss: 0.0087 - output_2_loss: 0.0045 - output_1_mean_squared_error: 0.0087 - output_2_mean_squared_error: 0.0045 - val_loss: 0.0177 - val_output_1_loss: 0.0093 - val_output_2_loss: 0.0083 - val_output_1_mean_squared_error: 0.0093 - val_output_2_mean_squared_error: 0.0083 - lr: 0.0010 - 312s/epoch - 103ms/step
Epoch 14/25
WARNING:absl:Found untraced functions such as _update_step_xla, _jit_compiled_convolution_op, _jit_compiled_convolution_op, _jit_compiled_convolution_op, _jit_compiled_convolution_op while saving (showing 5 of 13). These functions will not be directly callable after loading.
3029/3029 - 300s - loss: 0.0134 - output_1_loss: 0.0086 - output_2_loss: 0.0045 - output_1_mean_squared_error: 0.0086 - output_2_mean_squared_error: 0.0045 - val_loss: 0.0177 - val_output_1_loss: 0.0093 - val_output_2_loss: 0.0084 - val_output_1_mean_squared_error: 0.0093 - val_output_2_mean_squared_error: 0.0084 - lr: 0.0010 - 300s/epoch - 99ms/step
Epoch 15/25
3029/3029 - 301s - loss: 0.0135 - output_1_loss: 0.0087 - output_2_loss: 0.0045 - output_1_mean_squared_error: 0.0087 - output_2_mean_squared_error: 0.0045 - val_loss: 0.0188 - val_output_1_loss: 0.0103 - val_output_2_loss: 0.0085 - val_output_1_mean_squared_error: 0.0103 - val_output_2_mean_squared_error: 0.0085 - lr: 0.0010 - 301s/epoch - 99ms/step
Epoch 16/25
WARNING:absl:Found untraced functions such as _update_step_xla, _jit_compiled_convolution_op, _jit_compiled_convolution_op, _jit_compiled_convolution_op, _jit_compiled_convolution_op while saving (showing 5 of 13). These functions will not be directly callable after loading.
3029/3029 - 315s - loss: 0.0133 - output_1_loss: 0.0086 - output_2_loss: 0.0045 - output_1_mean_squared_error: 0.0086 - output_2_mean_squared_error: 0.0045 - val_loss: 0.0175 - val_output_1_loss: 0.0092 - val_output_2_loss: 0.0082 - val_output_1_mean_squared_error: 0.0092 - val_output_2_mean_squared_error: 0.0082 - lr: 5.0000e-04 - 315s/epoch - 104ms/step
Epoch 17/25
WARNING:absl:Found untraced functions such as _update_step_xla, _jit_compiled_convolution_op, _jit_compiled_convolution_op, _jit_compiled_convolution_op, _jit_compiled_convolution_op while saving (showing 5 of 13). These functions will not be directly callable after loading.
3029/3029 - 316s - loss: 0.0134 - output_1_loss: 0.0087 - output_2_loss: 0.0045 - output_1_mean_squared_error: 0.0087 - output_2_mean_squared_error: 0.0045 - val_loss: 0.0174 - val_output_1_loss: 0.0091 - val_output_2_loss: 0.0082 - val_output_1_mean_squared_error: 0.0091 - val_output_2_mean_squared_error: 0.0082 - lr: 5.0000e-04 - 316s/epoch - 104ms/step
Epoch 18/25
3029/3029 - 295s - loss: 0.0132 - output_1_loss: 0.0085 - output_2_loss: 0.0045 - output_1_mean_squared_error: 0.0085 - output_2_mean_squared_error: 0.0045 - val_loss: 0.0175 - val_output_1_loss: 0.0092 - val_output_2_loss: 0.0083 - val_output_1_mean_squared_error: 0.0092 - val_output_2_mean_squared_error: 0.0083 - lr: 5.0000e-04 - 295s/epoch - 97ms/step
Epoch 19/25
WARNING:absl:Found untraced functions such as _update_step_xla, _jit_compiled_convolution_op, _jit_compiled_convolution_op, _jit_compiled_convolution_op, _jit_compiled_convolution_op while saving (showing 5 of 13). These functions will not be directly callable after loading.
3029/3029 - 307s - loss: 0.0136 - output_1_loss: 0.0088 - output_2_loss: 0.0045 - output_1_mean_squared_error: 0.0088 - output_2_mean_squared_error: 0.0045 - val_loss: 0.0173 - val_output_1_loss: 0.0090 - val_output_2_loss: 0.0082 - val_output_1_mean_squared_error: 0.0090 - val_output_2_mean_squared_error: 0.0082 - lr: 5.0000e-04 - 307s/epoch - 101ms/step
Epoch 20/25
3029/3029 - 307s - loss: 0.0132 - output_1_loss: 0.0085 - output_2_loss: 0.0045 - output_1_mean_squared_error: 0.0085 - output_2_mean_squared_error: 0.0045 - val_loss: 0.0174 - val_output_1_loss: 0.0091 - val_output_2_loss: 0.0082 - val_output_1_mean_squared_error: 0.0091 - val_output_2_mean_squared_error: 0.0082 - lr: 5.0000e-04 - 307s/epoch - 102ms/step
Epoch 21/25
3029/3029 - 298s - loss: 0.0132 - output_1_loss: 0.0085 - output_2_loss: 0.0045 - output_1_mean_squared_error: 0.0085 - output_2_mean_squared_error: 0.0045 - val_loss: 0.0174 - val_output_1_loss: 0.0092 - val_output_2_loss: 0.0082 - val_output_1_mean_squared_error: 0.0092 - val_output_2_mean_squared_error: 0.0082 - lr: 5.0000e-04 - 298s/epoch - 98ms/step
Epoch 22/25
WARNING:absl:Found untraced functions such as _update_step_xla, _jit_compiled_convolution_op, _jit_compiled_convolution_op, _jit_compiled_convolution_op, _jit_compiled_convolution_op while saving (showing 5 of 13). These functions will not be directly callable after loading.
3029/3029 - 297s - loss: 0.0133 - output_1_loss: 0.0086 - output_2_loss: 0.0046 - output_1_mean_squared_error: 0.0086 - output_2_mean_squared_error: 0.0046 - val_loss: 0.0172 - val_output_1_loss: 0.0090 - val_output_2_loss: 0.0081 - val_output_1_mean_squared_error: 0.0090 - val_output_2_mean_squared_error: 0.0081 - lr: 2.5000e-04 - 297s/epoch - 98ms/step
Epoch 23/25
WARNING:absl:Found untraced functions such as _update_step_xla, _jit_compiled_convolution_op, _jit_compiled_convolution_op, _jit_compiled_convolution_op, _jit_compiled_convolution_op while saving (showing 5 of 13). These functions will not be directly callable after loading.
3029/3029 - 315s - loss: 0.0133 - output_1_loss: 0.0086 - output_2_loss: 0.0046 - output_1_mean_squared_error: 0.0086 - output_2_mean_squared_error: 0.0046 - val_loss: 0.0172 - val_output_1_loss: 0.0090 - val_output_2_loss: 0.0081 - val_output_1_mean_squared_error: 0.0090 - val_output_2_mean_squared_error: 0.0081 - lr: 2.5000e-04 - 315s/epoch - 104ms/step
Epoch 24/25
3029/3029 - 311s - loss: 0.0133 - output_1_loss: 0.0085 - output_2_loss: 0.0046 - output_1_mean_squared_error: 0.0085 - output_2_mean_squared_error: 0.0046 - val_loss: 0.0172 - val_output_1_loss: 0.0090 - val_output_2_loss: 0.0081 - val_output_1_mean_squared_error: 0.0090 - val_output_2_mean_squared_error: 0.0081 - lr: 2.5000e-04 - 311s/epoch - 103ms/step
Epoch 25/25
WARNING:absl:Found untraced functions such as _update_step_xla, _jit_compiled_convolution_op, _jit_compiled_convolution_op, _jit_compiled_convolution_op, _jit_compiled_convolution_op while saving (showing 5 of 13). These functions will not be directly callable after loading.
3029/3029 - 317s - loss: 0.0133 - output_1_loss: 0.0086 - output_2_loss: 0.0046 - output_1_mean_squared_error: 0.0086 - output_2_mean_squared_error: 0.0046 - val_loss: 0.0171 - val_output_1_loss: 0.0090 - val_output_2_loss: 0.0081 - val_output_1_mean_squared_error: 0.0090 - val_output_2_mean_squared_error: 0.0081 - lr: 2.5000e-04 - 317s/epoch - 105ms/step
