2023-03-07 06:08:15.483131: I tensorflow/core/platform/cpu_feature_guard.cc:193] This TensorFlow binary is optimized with oneAPI Deep Neural Network Library (oneDNN) to use the following CPU instructions in performance-critical operations:  AVX2 AVX512F AVX512_VNNI FMA
To enable them in other operations, rebuild TensorFlow with the appropriate compiler flags.
2023-03-07 06:08:15.655542: I tensorflow/core/util/port.cc:104] oneDNN custom operations are on. You may see slightly different numerical results due to floating-point round-off errors from different computation orders. To turn them off, set the environment variable `TF_ENABLE_ONEDNN_OPTS=0`.
2023-03-07 06:08:16.309939: W tensorflow/compiler/xla/stream_executor/platform/default/dso_loader.cc:64] Could not load dynamic library 'libnvinfer.so.7'; dlerror: libnvinfer.so.7: cannot open shared object file: No such file or directory; LD_LIBRARY_PATH: /home/leonkl/anaconda3/envs/LAB/lib/python3.9/site-packages/cv2/../../lib64:
2023-03-07 06:08:16.310031: W tensorflow/compiler/xla/stream_executor/platform/default/dso_loader.cc:64] Could not load dynamic library 'libnvinfer_plugin.so.7'; dlerror: libnvinfer_plugin.so.7: cannot open shared object file: No such file or directory; LD_LIBRARY_PATH: /home/leonkl/anaconda3/envs/LAB/lib/python3.9/site-packages/cv2/../../lib64:
2023-03-07 06:08:16.310040: W tensorflow/compiler/tf2tensorrt/utils/py_utils.cc:38] TF-TRT Warning: Cannot dlopen some TensorRT libraries. If you would like to use Nvidia GPU with TensorRT, please make sure the missing libraries mentioned above are installed properly.
2023-03-07 06:08:22.333037: W tensorflow/compiler/xla/stream_executor/platform/default/dso_loader.cc:64] Could not load dynamic library 'libcuda.so.1'; dlerror: libcuda.so.1: cannot open shared object file: No such file or directory; LD_LIBRARY_PATH: /home/leonkl/anaconda3/envs/LAB/lib/python3.9/site-packages/cv2/../../lib64:
2023-03-07 06:08:22.333073: W tensorflow/compiler/xla/stream_executor/cuda/cuda_driver.cc:265] failed call to cuInit: UNKNOWN ERROR (303)
2023-03-07 06:08:22.333087: I tensorflow/compiler/xla/stream_executor/cuda/cuda_diagnostics.cc:156] kernel driver does not appear to be running on this host (icme-gpu1): /proc/driver/nvidia/version does not exist
2023-03-07 06:08:22.333331: I tensorflow/core/platform/cpu_feature_guard.cc:193] This TensorFlow binary is optimized with oneAPI Deep Neural Network Library (oneDNN) to use the following CPU instructions in performance-critical operations:  AVX2 AVX512F AVX512_VNNI FMA
To enable them in other operations, rebuild TensorFlow with the appropriate compiler flags.
Model: "double_autoencoder"
_________________________________________________________________
 Layer (type)                Output Shape              Param #   
=================================================================
 sequential (Sequential)     (None, 48)                32850     
                                                                 
 sequential_1 (Sequential)   (None, 64, 64, 3)         32805     
                                                                 
 sequential_2 (Sequential)   (None, 16)                4976      
                                                                 
 sequential_3 (Sequential)   (None, 30)                4990      
                                                                 
=================================================================
Total params: 75,621
Trainable params: 74,853
Non-trainable params: 768
_________________________________________________________________
Epoch 1/25
WARNING:absl:Found untraced functions such as _update_step_xla, _jit_compiled_convolution_op, _jit_compiled_convolution_op, _jit_compiled_convolution_op, _jit_compiled_convolution_op while saving (showing 5 of 13). These functions will not be directly callable after loading.
3029/3029 - 223s - loss: 0.0348 - output_1_loss: 0.0214 - output_2_loss: 0.0135 - output_1_mean_squared_error: 0.0214 - output_2_mean_squared_error: 0.0135 - val_loss: 0.0339 - val_output_1_loss: 0.0143 - val_output_2_loss: 0.0197 - val_output_1_mean_squared_error: 0.0143 - val_output_2_mean_squared_error: 0.0197 - lr: 0.0010 - 223s/epoch - 74ms/step
Epoch 2/25
WARNING:absl:Found untraced functions such as _update_step_xla, _jit_compiled_convolution_op, _jit_compiled_convolution_op, _jit_compiled_convolution_op, _jit_compiled_convolution_op while saving (showing 5 of 13). These functions will not be directly callable after loading.
3029/3029 - 247s - loss: 0.0143 - output_1_loss: 0.0124 - output_2_loss: 0.0019 - output_1_mean_squared_error: 0.0124 - output_2_mean_squared_error: 0.0019 - val_loss: 0.0207 - val_output_1_loss: 0.0125 - val_output_2_loss: 0.0082 - val_output_1_mean_squared_error: 0.0125 - val_output_2_mean_squared_error: 0.0082 - lr: 0.0010 - 247s/epoch - 82ms/step
Epoch 3/25
WARNING:absl:Found untraced functions such as _update_step_xla, _jit_compiled_convolution_op, _jit_compiled_convolution_op, _jit_compiled_convolution_op, _jit_compiled_convolution_op while saving (showing 5 of 13). These functions will not be directly callable after loading.
3029/3029 - 259s - loss: 0.0124 - output_1_loss: 0.0110 - output_2_loss: 0.0014 - output_1_mean_squared_error: 0.0110 - output_2_mean_squared_error: 0.0014 - val_loss: 0.0149 - val_output_1_loss: 0.0116 - val_output_2_loss: 0.0033 - val_output_1_mean_squared_error: 0.0116 - val_output_2_mean_squared_error: 0.0033 - lr: 0.0010 - 259s/epoch - 86ms/step
Epoch 4/25
3029/3029 - 118s - loss: 0.0115 - output_1_loss: 0.0103 - output_2_loss: 0.0012 - output_1_mean_squared_error: 0.0103 - output_2_mean_squared_error: 0.0012 - val_loss: 0.0155 - val_output_1_loss: 0.0108 - val_output_2_loss: 0.0047 - val_output_1_mean_squared_error: 0.0108 - val_output_2_mean_squared_error: 0.0047 - lr: 0.0010 - 118s/epoch - 39ms/step
Epoch 5/25
3029/3029 - 102s - loss: 0.0109 - output_1_loss: 0.0098 - output_2_loss: 0.0011 - output_1_mean_squared_error: 0.0098 - output_2_mean_squared_error: 0.0011 - val_loss: 0.0179 - val_output_1_loss: 0.0102 - val_output_2_loss: 0.0077 - val_output_1_mean_squared_error: 0.0102 - val_output_2_mean_squared_error: 0.0077 - lr: 0.0010 - 102s/epoch - 34ms/step
Epoch 6/25
3029/3029 - 100s - loss: 0.0104 - output_1_loss: 0.0094 - output_2_loss: 0.0010 - output_1_mean_squared_error: 0.0094 - output_2_mean_squared_error: 0.0010 - val_loss: 0.0361 - val_output_1_loss: 0.0099 - val_output_2_loss: 0.0262 - val_output_1_mean_squared_error: 0.0099 - val_output_2_mean_squared_error: 0.0262 - lr: 0.0010 - 100s/epoch - 33ms/step
Epoch 7/25
3029/3029 - 99s - loss: 0.0101 - output_1_loss: 0.0092 - output_2_loss: 9.6868e-04 - output_1_mean_squared_error: 0.0092 - output_2_mean_squared_error: 9.6868e-04 - val_loss: 0.0160 - val_output_1_loss: 0.0096 - val_output_2_loss: 0.0064 - val_output_1_mean_squared_error: 0.0096 - val_output_2_mean_squared_error: 0.0064 - lr: 0.0010 - 99s/epoch - 33ms/step
Epoch 8/25
3029/3029 - 98s - loss: 0.0103 - output_1_loss: 0.0093 - output_2_loss: 0.0011 - output_1_mean_squared_error: 0.0093 - output_2_mean_squared_error: 0.0011 - val_loss: 0.0266 - val_output_1_loss: 0.0094 - val_output_2_loss: 0.0172 - val_output_1_mean_squared_error: 0.0094 - val_output_2_mean_squared_error: 0.0172 - lr: 5.0000e-04 - 98s/epoch - 32ms/step
Epoch 9/25
3029/3029 - 98s - loss: 0.0102 - output_1_loss: 0.0092 - output_2_loss: 9.9711e-04 - output_1_mean_squared_error: 0.0092 - output_2_mean_squared_error: 9.9711e-04 - val_loss: 0.0205 - val_output_1_loss: 0.0093 - val_output_2_loss: 0.0112 - val_output_1_mean_squared_error: 0.0093 - val_output_2_mean_squared_error: 0.0112 - lr: 5.0000e-04 - 98s/epoch - 32ms/step
Epoch 10/25
3029/3029 - 98s - loss: 0.0101 - output_1_loss: 0.0091 - output_2_loss: 9.6705e-04 - output_1_mean_squared_error: 0.0091 - output_2_mean_squared_error: 9.6705e-04 - val_loss: 0.0260 - val_output_1_loss: 0.0094 - val_output_2_loss: 0.0166 - val_output_1_mean_squared_error: 0.0094 - val_output_2_mean_squared_error: 0.0166 - lr: 5.0000e-04 - 98s/epoch - 32ms/step
Epoch 11/25
3029/3029 - 98s - loss: 0.0101 - output_1_loss: 0.0091 - output_2_loss: 9.2932e-04 - output_1_mean_squared_error: 0.0091 - output_2_mean_squared_error: 9.2932e-04 - val_loss: 0.0198 - val_output_1_loss: 0.0094 - val_output_2_loss: 0.0104 - val_output_1_mean_squared_error: 0.0094 - val_output_2_mean_squared_error: 0.0104 - lr: 5.0000e-04 - 98s/epoch - 32ms/step
Epoch 12/25
3029/3029 - 97s - loss: 0.0106 - output_1_loss: 0.0095 - output_2_loss: 0.0010 - output_1_mean_squared_error: 0.0095 - output_2_mean_squared_error: 0.0010 - val_loss: 0.0209 - val_output_1_loss: 0.0093 - val_output_2_loss: 0.0117 - val_output_1_mean_squared_error: 0.0093 - val_output_2_mean_squared_error: 0.0117 - lr: 2.5000e-04 - 97s/epoch - 32ms/step
Epoch 13/25
3029/3029 - 98s - loss: 0.0105 - output_1_loss: 0.0095 - output_2_loss: 9.7202e-04 - output_1_mean_squared_error: 0.0095 - output_2_mean_squared_error: 9.7202e-04 - val_loss: 0.0197 - val_output_1_loss: 0.0094 - val_output_2_loss: 0.0103 - val_output_1_mean_squared_error: 0.0094 - val_output_2_mean_squared_error: 0.0103 - lr: 2.5000e-04 - 98s/epoch - 32ms/step
tf.Tensor(
[0.00320147 0.00950143 0.0092637  0.03226543 0.03618838 0.021378
 0.13844307 0.16779251 0.15227109 0.01546952 0.01761745 0.01489921
 0.         0.         0.         0.00522506 0.01471218 0.01002148
 0.03593672 0.04366235 0.02202824 0.08684086 0.18964581 0.1882706
 0.01565866 0.01864238 0.00980574 0.         0.         0.        ], shape=(30,), dtype=float32)
tf.Tensor(
[0.00569846 0.00740877 0.00372206 0.01458508 0.01927792 0.02420591
 0.12426942 0.24653508 0.15631095 0.00676468 0.01988782 0.00753319
 0.00111163 0.00894322 0.00534439 0.00702358 0.01299344 0.00876427
 0.02276477 0.02560466 0.02224111 0.09116003 0.25054142 0.28683668
 0.0157913  0.05043897 0.03239733 0.00415826 0.01076546 0.0084357 ], shape=(30,), dtype=float32)
