2023-03-07 01:26:58.937682: I tensorflow/core/platform/cpu_feature_guard.cc:193] This TensorFlow binary is optimized with oneAPI Deep Neural Network Library (oneDNN) to use the following CPU instructions in performance-critical operations:  AVX2 AVX512F AVX512_VNNI FMA
To enable them in other operations, rebuild TensorFlow with the appropriate compiler flags.
2023-03-07 01:26:59.109350: I tensorflow/core/util/port.cc:104] oneDNN custom operations are on. You may see slightly different numerical results due to floating-point round-off errors from different computation orders. To turn them off, set the environment variable `TF_ENABLE_ONEDNN_OPTS=0`.
2023-03-07 01:26:59.670275: W tensorflow/compiler/xla/stream_executor/platform/default/dso_loader.cc:64] Could not load dynamic library 'libnvinfer.so.7'; dlerror: libnvinfer.so.7: cannot open shared object file: No such file or directory; LD_LIBRARY_PATH: /home/leonkl/anaconda3/envs/LAB/lib/python3.9/site-packages/cv2/../../lib64:
2023-03-07 01:26:59.670329: W tensorflow/compiler/xla/stream_executor/platform/default/dso_loader.cc:64] Could not load dynamic library 'libnvinfer_plugin.so.7'; dlerror: libnvinfer_plugin.so.7: cannot open shared object file: No such file or directory; LD_LIBRARY_PATH: /home/leonkl/anaconda3/envs/LAB/lib/python3.9/site-packages/cv2/../../lib64:
2023-03-07 01:26:59.670336: W tensorflow/compiler/tf2tensorrt/utils/py_utils.cc:38] TF-TRT Warning: Cannot dlopen some TensorRT libraries. If you would like to use Nvidia GPU with TensorRT, please make sure the missing libraries mentioned above are installed properly.
2023-03-07 01:27:05.377904: W tensorflow/compiler/xla/stream_executor/platform/default/dso_loader.cc:64] Could not load dynamic library 'libcuda.so.1'; dlerror: libcuda.so.1: cannot open shared object file: No such file or directory; LD_LIBRARY_PATH: /home/leonkl/anaconda3/envs/LAB/lib/python3.9/site-packages/cv2/../../lib64:
2023-03-07 01:27:05.377941: W tensorflow/compiler/xla/stream_executor/cuda/cuda_driver.cc:265] failed call to cuInit: UNKNOWN ERROR (303)
2023-03-07 01:27:05.377957: I tensorflow/compiler/xla/stream_executor/cuda/cuda_diagnostics.cc:156] kernel driver does not appear to be running on this host (icme-gpu1): /proc/driver/nvidia/version does not exist
2023-03-07 01:27:05.378203: I tensorflow/core/platform/cpu_feature_guard.cc:193] This TensorFlow binary is optimized with oneAPI Deep Neural Network Library (oneDNN) to use the following CPU instructions in performance-critical operations:  AVX2 AVX512F AVX512_VNNI FMA
To enable them in other operations, rebuild TensorFlow with the appropriate compiler flags.
Model: "double_autoencoder"
_________________________________________________________________
 Layer (type)                Output Shape              Param #   
=================================================================
 sequential (Sequential)     (None, 48)                32850     
                                                                 
 sequential_1 (Sequential)   (None, 64, 64, 3)         32805     
                                                                 
 sequential_2 (Sequential)   (None, 16)                4976      
                                                                 
 sequential_3 (Sequential)   (None, 30)                4990      
                                                                 
=================================================================
Total params: 75,621
Trainable params: 74,853
Non-trainable params: 768
_________________________________________________________________
Epoch 1/10
WARNING:absl:Found untraced functions such as _update_step_xla, _jit_compiled_convolution_op, _jit_compiled_convolution_op, _jit_compiled_convolution_op, _jit_compiled_convolution_op while saving (showing 5 of 13). These functions will not be directly callable after loading.
3029/3029 - 314s - loss: 0.0338 - output_1_loss: 0.0200 - output_2_loss: 0.0138 - output_1_mean_squared_error: 0.0200 - output_2_mean_squared_error: 0.0138 - val_loss: 0.0334 - val_output_1_loss: 0.0143 - val_output_2_loss: 0.0191 - val_output_1_mean_squared_error: 0.0143 - val_output_2_mean_squared_error: 0.0191 - lr: 0.0010 - 314s/epoch - 104ms/step
Epoch 2/10
WARNING:absl:Found untraced functions such as _update_step_xla, _jit_compiled_convolution_op, _jit_compiled_convolution_op, _jit_compiled_convolution_op, _jit_compiled_convolution_op while saving (showing 5 of 13). These functions will not be directly callable after loading.
3029/3029 - 318s - loss: 0.0137 - output_1_loss: 0.0118 - output_2_loss: 0.0019 - output_1_mean_squared_error: 0.0118 - output_2_mean_squared_error: 0.0019 - val_loss: 0.0194 - val_output_1_loss: 0.0126 - val_output_2_loss: 0.0068 - val_output_1_mean_squared_error: 0.0126 - val_output_2_mean_squared_error: 0.0068 - lr: 0.0010 - 318s/epoch - 105ms/step
Epoch 3/10
WARNING:absl:Found untraced functions such as _update_step_xla, _jit_compiled_convolution_op, _jit_compiled_convolution_op, _jit_compiled_convolution_op, _jit_compiled_convolution_op while saving (showing 5 of 13). These functions will not be directly callable after loading.
3029/3029 - 318s - loss: 0.0121 - output_1_loss: 0.0107 - output_2_loss: 0.0014 - output_1_mean_squared_error: 0.0107 - output_2_mean_squared_error: 0.0014 - val_loss: 0.0156 - val_output_1_loss: 0.0110 - val_output_2_loss: 0.0046 - val_output_1_mean_squared_error: 0.0110 - val_output_2_mean_squared_error: 0.0046 - lr: 0.0010 - 318s/epoch - 105ms/step
Epoch 4/10
3029/3029 - 312s - loss: 0.0111 - output_1_loss: 0.0100 - output_2_loss: 0.0012 - output_1_mean_squared_error: 0.0100 - output_2_mean_squared_error: 0.0012 - val_loss: 0.0556 - val_output_1_loss: 0.0106 - val_output_2_loss: 0.0450 - val_output_1_mean_squared_error: 0.0106 - val_output_2_mean_squared_error: 0.0450 - lr: 0.0010 - 312s/epoch - 103ms/step
Epoch 5/10
3029/3029 - 310s - loss: 0.0107 - output_1_loss: 0.0096 - output_2_loss: 0.0011 - output_1_mean_squared_error: 0.0096 - output_2_mean_squared_error: 0.0011 - val_loss: 0.0859 - val_output_1_loss: 0.0103 - val_output_2_loss: 0.0756 - val_output_1_mean_squared_error: 0.0103 - val_output_2_mean_squared_error: 0.0756 - lr: 0.0010 - 310s/epoch - 102ms/step
Epoch 6/10
WARNING:absl:Found untraced functions such as _update_step_xla, _jit_compiled_convolution_op, _jit_compiled_convolution_op, _jit_compiled_convolution_op, _jit_compiled_convolution_op while saving (showing 5 of 13). These functions will not be directly callable after loading.
3029/3029 - 319s - loss: 0.0108 - output_1_loss: 0.0096 - output_2_loss: 0.0011 - output_1_mean_squared_error: 0.0096 - output_2_mean_squared_error: 0.0011 - val_loss: 0.0114 - val_output_1_loss: 0.0100 - val_output_2_loss: 0.0014 - val_output_1_mean_squared_error: 0.0100 - val_output_2_mean_squared_error: 0.0014 - lr: 5.0000e-04 - 319s/epoch - 105ms/step
Epoch 7/10
3029/3029 - 313s - loss: 0.0106 - output_1_loss: 0.0095 - output_2_loss: 0.0010 - output_1_mean_squared_error: 0.0095 - output_2_mean_squared_error: 0.0010 - val_loss: 0.0137 - val_output_1_loss: 0.0099 - val_output_2_loss: 0.0038 - val_output_1_mean_squared_error: 0.0099 - val_output_2_mean_squared_error: 0.0038 - lr: 5.0000e-04 - 313s/epoch - 103ms/step
Epoch 8/10
3029/3029 - 312s - loss: 0.0105 - output_1_loss: 0.0095 - output_2_loss: 9.7633e-04 - output_1_mean_squared_error: 0.0095 - output_2_mean_squared_error: 9.7633e-04 - val_loss: 0.0142 - val_output_1_loss: 0.0098 - val_output_2_loss: 0.0045 - val_output_1_mean_squared_error: 0.0098 - val_output_2_mean_squared_error: 0.0045 - lr: 5.0000e-04 - 312s/epoch - 103ms/step
Epoch 9/10
3029/3029 - 313s - loss: 0.0110 - output_1_loss: 0.0098 - output_2_loss: 0.0011 - output_1_mean_squared_error: 0.0098 - output_2_mean_squared_error: 0.0011 - val_loss: 0.0127 - val_output_1_loss: 0.0096 - val_output_2_loss: 0.0031 - val_output_1_mean_squared_error: 0.0096 - val_output_2_mean_squared_error: 0.0031 - lr: 2.5000e-04 - 313s/epoch - 103ms/step
Epoch 10/10
3029/3029 - 313s - loss: 0.0108 - output_1_loss: 0.0098 - output_2_loss: 0.0010 - output_1_mean_squared_error: 0.0098 - output_2_mean_squared_error: 0.0010 - val_loss: 0.0132 - val_output_1_loss: 0.0096 - val_output_2_loss: 0.0036 - val_output_1_mean_squared_error: 0.0096 - val_output_2_mean_squared_error: 0.0036 - lr: 2.5000e-04 - 313s/epoch - 103ms/step
